[debug] [2026-04-24T14:33:52.811Z] ----------------------------------------------------------------------
[debug] [2026-04-24T14:33:52.812Z] Command:       C:\Program Files\nodejs\node.exe C:\Users\nithy\AppData\Roaming\npm\node_modules\firebase-tools\lib\bin\firebase.js emulators:start --only functions firestore
[debug] [2026-04-24T14:33:52.813Z] CLI Version:   15.15.0
[debug] [2026-04-24T14:33:52.813Z] Platform:      win32
[debug] [2026-04-24T14:33:52.813Z] Node Version:  v24.12.0
[debug] [2026-04-24T14:33:52.813Z] Time:          Fri Apr 24 2026 20:03:52 GMT+0530 (India Standard Time)
[debug] [2026-04-24T14:33:52.814Z] ----------------------------------------------------------------------
[debug] 
[debug] [2026-04-24T14:33:52.817Z] >>> [apiv2][query] GET https://firebase-public.firebaseio.com/cli.json [none]
[debug] [2026-04-24T14:33:54.629Z] > command requires scopes: ["email","openid","https://www.googleapis.com/auth/cloudplatformprojects.readonly","https://www.googleapis.com/auth/firebase","https://www.googleapis.com/auth/cloud-platform"]
[debug] [2026-04-24T14:33:54.629Z] > authorizing via signed-in user (nithyahasini.alle@gmail.com)
[debug] [2026-04-24T14:33:54.902Z] java version "24.0.2" 2025-07-15

[debug] [2026-04-24T14:33:54.903Z] Java(TM) SE Runtime Environment (build 24.0.2+12-54)
Java HotSpot(TM) 64-Bit Server VM (build 24.0.2+12-54, mixed mode, sharing)

[debug] [2026-04-24T14:33:54.935Z] Parsed Java major version: 24
[info] i  emulators: Starting emulators: functions, firestore {"metadata":{"emulator":{"name":"hub"},"message":"Starting emulators: functions, firestore"}}
[info] i  emulators: Detected demo project ID "demo-no-project", emulated services will use a demo configuration and attempts to access non-emulated services for this project will fail. {"metadata":{"emulator":{"name":"hub"},"message":"Detected demo project ID \"demo-no-project\", emulated services will use a demo configuration and attempts to access non-emulated services for this project will fail."}}
[debug] [2026-04-24T14:33:54.950Z] [logging] Logging Emulator only supports listening on one address (127.0.0.1). Not listening on ::1
[debug] [2026-04-24T14:33:54.950Z] [firestore] Firestore Emulator only supports listening on one address (127.0.0.1). Not listening on ::1
[debug] [2026-04-24T14:33:54.950Z] [firestore.websocket] websocket server for firestore only supports listening on one address (127.0.0.1). Not listening on ::1
[debug] [2026-04-24T14:33:54.951Z] assigned listening specs for emulators {"user":{"hub":[{"address":"127.0.0.1","family":"IPv4","port":4400},{"address":"::1","family":"IPv6","port":4400}],"ui":[{"address":"127.0.0.1","family":"IPv4","port":4000},{"address":"::1","family":"IPv6","port":4000}],"logging":[{"address":"127.0.0.1","family":"IPv4","port":4500}],"firestore":[{"address":"127.0.0.1","family":"IPv4","port":8080}],"firestore.websocket":[{"address":"127.0.0.1","family":"IPv4","port":9150}]},"metadata":{"message":"assigned listening specs for emulators"}}
[debug] [2026-04-24T14:33:54.954Z] Write emulator hub locator at C:\Users\nithy\AppData\Local\Temp\hub-demo-no-project.json
[debug] [2026-04-24T14:33:54.970Z] [functions] Functions Emulator only supports listening on one address (127.0.0.1). Not listening on ::1
[debug] [2026-04-24T14:33:54.970Z] [eventarc] Eventarc Emulator only supports listening on one address (127.0.0.1). Not listening on ::1
[debug] [2026-04-24T14:33:54.970Z] [tasks] Cloud Tasks Emulator only supports listening on one address (127.0.0.1). Not listening on ::1
[debug] [2026-04-24T14:33:54.970Z] late-assigned ports for functions and eventarc emulators {"user":{"hub":[{"address":"127.0.0.1","family":"IPv4","port":4400},{"address":"::1","family":"IPv6","port":4400}],"ui":[{"address":"127.0.0.1","family":"IPv4","port":4000},{"address":"::1","family":"IPv6","port":4000}],"logging":[{"address":"127.0.0.1","family":"IPv4","port":4500}],"firestore":[{"address":"127.0.0.1","family":"IPv4","port":8080}],"firestore.websocket":[{"address":"127.0.0.1","family":"IPv4","port":9150}],"functions":[{"address":"127.0.0.1","family":"IPv4","port":5001}],"eventarc":[{"address":"127.0.0.1","family":"IPv4","port":9299}],"tasks":[{"address":"127.0.0.1","family":"IPv4","port":9499}]},"metadata":{"message":"late-assigned ports for functions and eventarc emulators"}}
[debug] [2026-04-24T14:33:54.992Z] defaultcredentials: writing to file C:\Users\nithy\AppData\Roaming\firebase\nithyahasini_alle_gmail.com_application_default_credentials.json
[debug] [2026-04-24T14:33:54.993Z] Setting GAC to C:\Users\nithy\AppData\Roaming\firebase\nithyahasini_alle_gmail.com_application_default_credentials.json {"metadata":{"emulator":{"name":"functions"},"message":"Setting GAC to C:\\Users\\nithy\\AppData\\Roaming\\firebase\\nithyahasini_alle_gmail.com_application_default_credentials.json"}}
[info] i  firestore: downloading cloud-firestore-emulator-v1.20.4.jar... {"metadata":{"emulator":{"name":"firestore"},"message":"downloading cloud-firestore-emulator-v1.20.4.jar..."}}
[debug] [2026-04-24T14:33:55.012Z] >>> [apiv2][query] GET https://storage.googleapis.com/firebase-preview-drop/emulator/cloud-firestore-emulator-v1.20.4.jar 
[debug] [2026-04-24T14:33:55.295Z] <<< [apiv2][status] GET https://firebase-public.firebaseio.com/cli.json 200
[debug] [2026-04-24T14:33:55.295Z] <<< [apiv2][body] GET https://firebase-public.firebaseio.com/cli.json {"cloudBuildErrorAfter":1594252800000,"cloudBuildWarnAfter":1590019200000,"defaultNode10After":1594252800000,"minVersion":"3.0.5","node8DeploysDisabledAfter":1613390400000,"node8RuntimeDisabledAfter":1615809600000,"node8WarnAfter":1600128000000}
[debug] [2026-04-24T14:33:55.414Z] <<< [apiv2][status] GET https://storage.googleapis.com/firebase-preview-drop/emulator/cloud-firestore-emulator-v1.20.4.jar 200
[debug] [2026-04-24T14:33:55.414Z] <<< [apiv2][body] GET https://storage.googleapis.com/firebase-preview-drop/emulator/cloud-firestore-emulator-v1.20.4.jar [stream]
[debug] [2026-04-24T14:34:08.429Z] Ignoring unsupported arg: auto_download {"metadata":{"emulator":{"name":"firestore"},"message":"Ignoring unsupported arg: auto_download"}}
[debug] [2026-04-24T14:34:08.429Z] Ignoring unsupported arg: single_project_mode_error {"metadata":{"emulator":{"name":"firestore"},"message":"Ignoring unsupported arg: single_project_mode_error"}}
[debug] [2026-04-24T14:34:08.429Z] Starting Firestore Emulator with command {"binary":"java","args":["-Dgoogle.cloud_firestore.debug_log_level=FINE","-Duser.language=en","-jar","C:\\Users\\nithy\\.cache\\firebase\\emulators\\cloud-firestore-emulator-v1.20.4.jar","--host","127.0.0.1","--port",8080,"--websocket_port",9150,"--database-edition","standard","--project_id","demo-no-project","--rules","C:\\Users\\nithy\\OneDrive\\Documents\\kritoathon\\firestore.rules","--single_project_mode",true,"--functions_emulator","127.0.0.1:5001"],"optionalArgs":["port","webchannel_port","host","rules","websocket_port","database-edition","functions_emulator","seed_from_export","project_id","single_project_mode"],"joinArgs":false,"shell":false,"port":8080} {"metadata":{"emulator":{"name":"firestore"},"message":"Starting Firestore Emulator with command {\"binary\":\"java\",\"args\":[\"-Dgoogle.cloud_firestore.debug_log_level=FINE\",\"-Duser.language=en\",\"-jar\",\"C:\\\\Users\\\\nithy\\\\.cache\\\\firebase\\\\emulators\\\\cloud-firestore-emulator-v1.20.4.jar\",\"--host\",\"127.0.0.1\",\"--port\",8080,\"--websocket_port\",9150,\"--database-edition\",\"standard\",\"--project_id\",\"demo-no-project\",\"--rules\",\"C:\\\\Users\\\\nithy\\\\OneDrive\\\\Documents\\\\kritoathon\\\\firestore.rules\",\"--single_project_mode\",true,\"--functions_emulator\",\"127.0.0.1:5001\"],\"optionalArgs\":[\"port\",\"webchannel_port\",\"host\",\"rules\",\"websocket_port\",\"database-edition\",\"functions_emulator\",\"seed_from_export\",\"project_id\",\"single_project_mode\"],\"joinArgs\":false,\"shell\":false,\"port\":8080}"}}
[info] i  firestore: Firestore Emulator logging to firestore-debug.log {"metadata":{"emulator":{"name":"firestore"},"message":"Firestore Emulator logging to \u001b[1mfirestore-debug.log\u001b[22m"}}
[info] +  firestore: Firestore Emulator was started in standard edition. {"metadata":{"emulator":{"name":"firestore"},"message":"Firestore Emulator was started in standard edition."}}
[info] +  firestore: Firestore Emulator UI websocket is running on 9150. {"metadata":{"emulator":{"name":"firestore"},"message":"Firestore Emulator UI websocket is running on 9150."}}
[info] i  ui: downloading ui-v1.15.0.zip... {"metadata":{"emulator":{"name":"ui"},"message":"downloading ui-v1.15.0.zip..."}}
[debug] [2026-04-24T14:34:10.742Z] >>> [apiv2][query] GET https://storage.googleapis.com/firebase-preview-drop/emulator/ui-v1.15.0.zip 
[debug] [2026-04-24T14:34:10.771Z] <<< [apiv2][status] GET https://storage.googleapis.com/firebase-preview-drop/emulator/ui-v1.15.0.zip 200
[debug] [2026-04-24T14:34:10.771Z] <<< [apiv2][body] GET https://storage.googleapis.com/firebase-preview-drop/emulator/ui-v1.15.0.zip [stream]
[debug] [2026-04-24T14:34:11.077Z] Data is 3538469
[debug] [2026-04-24T14:34:11.077Z] [unzip] Entry: client/ (compressed_size=0 bytes, uncompressed_size=0 bytes)
[debug] [2026-04-24T14:34:11.077Z] [unzip] Processing entry: client\
[debug] [2026-04-24T14:34:11.077Z] [unzip] mkdir: C:\Users\nithy\.cache\firebase\emulators\ui-v1.15.0\client\
[debug] [2026-04-24T14:34:11.079Z] [unzip] Entry: client/favicon-16x16.png (compressed_size=293 bytes, uncompressed_size=293 bytes)
[debug] [2026-04-24T14:34:11.079Z] [unzip] Processing entry: client\favicon-16x16.png
[debug] [2026-04-24T14:34:11.079Z] [unzip] else mkdir: C:\Users\nithy\.cache\firebase\emulators\ui-v1.15.0\client
[debug] [2026-04-24T14:34:11.080Z] [unzip] Writing file: C:\Users\nithy\.cache\firebase\emulators\ui-v1.15.0\client\favicon-16x16.png
[debug] [2026-04-24T14:34:11.083Z] [unzip] Entry: client/safari-pinned-tab.svg (compressed_size=1433 bytes, uncompressed_size=2611 bytes)
[debug] [2026-04-24T14:34:11.083Z] [unzip] Processing entry: client\safari-pinned-tab.svg
[debug] [2026-04-24T14:34:11.083Z] [unzip] else mkdir: C:\Users\nithy\.cache\firebase\emulators\ui-v1.15.0\client
[debug] [2026-04-24T14:34:11.083Z] [unzip] deflating: C:\Users\nithy\.cache\firebase\emulators\ui-v1.15.0\client\safari-pinned-tab.svg
[debug] [2026-04-24T14:34:11.093Z] [unzip] Entry: client/favicon.ico (compressed_size=2933 bytes, uncompressed_size=13294 bytes)
[debug] [2026-04-24T14:34:11.093Z] [unzip] Processing entry: client\favicon.ico
[debug] [2026-04-24T14:34:11.093Z] [unzip] else mkdir: C:\Users\nithy\.cache\firebase\emulators\ui-v1.15.0\client
[debug] [2026-04-24T14:34:11.093Z] [unzip] deflating: C:\Users\nithy\.cache\firebase\emulators\ui-v1.15.0\client\favicon.ico
[debug] [2026-04-24T14:34:11.094Z] [unzip] Entry: client/index.html (compressed_size=1364 bytes, uncompressed_size=3071 bytes)
[debug] [2026-04-24T14:34:11.094Z] [unzip] Processing entry: client\index.html
[debug] [2026-04-24T14:34:11.094Z] [unzip] else mkdir: C:\Users\nithy\.cache\firebase\emulators\ui-v1.15.0\client
[debug] [2026-04-24T14:34:11.094Z] [unzip] deflating: C:\Users\nithy\.cache\firebase\emulators\ui-v1.15.0\client\index.html
[debug] [2026-04-24T14:34:11.096Z] [unzip] Entry: client/android-chrome-192x192.png (compressed_size=2684 bytes, uncompressed_size=2684 bytes)
[debug] [2026-04-24T14:34:11.096Z] [unzip] Processing entry: client\android-chrome-192x192.png
[debug] [2026-04-24T14:34:11.096Z] [unzip] else mkdir: C:\Users\nithy\.cache\firebase\emulators\ui-v1.15.0\client
[debug] [2026-04-24T14:34:11.096Z] [unzip] Writing file: C:\Users\nithy\.cache\firebase\emulators\ui-v1.15.0\client\android-chrome-192x192.png
[debug] [2026-04-24T14:34:11.097Z] [unzip] Entry: client/apple-touch-icon.png (compressed_size=2123 bytes, uncompressed_size=2152 bytes)
[debug] [2026-04-24T14:34:11.097Z] [unzip] Processing entry: client\apple-touch-icon.png
[debug] [2026-04-24T14:34:11.097Z] [unzip] else mkdir: C:\Users\nithy\.cache\firebase\emulators\ui-v1.15.0\client
[debug] [2026-04-24T14:34:11.097Z] [unzip] deflating: C:\Users\nithy\.cache\firebase\emulators\ui-v1.15.0\client\apple-touch-icon.png
[debug] [2026-04-24T14:34:11.098Z] [unzip] Entry: client/android-chrome-512x512.png (compressed_size=5369 bytes, uncompressed_size=5411 bytes)
[debug] [2026-04-24T14:34:11.098Z] [unzip] Processing entry: client\android-chrome-512x512.png
[debug] [2026-04-24T14:34:11.098Z] [unzip] else mkdir: C:\Users\nithy\.cache\firebase\emulators\ui-v1.15.0\client
[debug] [2026-04-24T14:34:11.098Z] [unzip] deflating: C:\Users\nithy\.cache\firebase\emulators\ui-v1.15.0\client\android-chrome-512x512.png
[debug] [2026-04-24T14:34:11.099Z] [unzip] Entry: client/manifest.json (compressed_size=245 bytes, uncompressed_size=551 bytes)
[debug] [2026-04-24T14:34:11.099Z] [unzip] Processing entry: client\manifest.json
[debug] [2026-04-24T14:34:11.099Z] [unzip] else mkdir: C:\Users\nithy\.cache\firebase\emulators\ui-v1.15.0\client
[debug] [2026-04-24T14:34:11.100Z] [unzip] deflating: C:\Users\nithy\.cache\firebase\emulators\ui-v1.15.0\client\manifest.json
[debug] [2026-04-24T14:34:11.100Z] [unzip] Entry: client/robots.txt (compressed_size=26 bytes, uncompressed_size=26 bytes)
[debug] [2026-04-24T14:34:11.101Z] [unzip] Processing entry: client\robots.txt
[debug] [2026-04-24T14:34:11.101Z] [unzip] else mkdir: C:\Users\nithy\.cache\firebase\emulators\ui-v1.15.0\client
[debug] [2026-04-24T14:34:11.101Z] [unzip] Writing file: C:\Users\nithy\.cache\firebase\emulators\ui-v1.15.0\client\robots.txt
[debug] [2026-04-24T14:34:11.101Z] [unzip] Entry: client/mstile-150x150.png (compressed_size=2034 bytes, uncompressed_size=2034 bytes)
[debug] [2026-04-24T14:34:11.101Z] [unzip] Processing entry: client\mstile-150x150.png
[debug] [2026-04-24T14:34:11.101Z] [unzip] else mkdir: C:\Users\nithy\.cache\firebase\emulators\ui-v1.15.0\client
[debug] [2026-04-24T14:34:11.102Z] [unzip] Writing file: C:\Users\nithy\.cache\firebase\emulators\ui-v1.15.0\client\mstile-150x150.png
[debug] [2026-04-24T14:34:11.102Z] [unzip] Entry: client/assets/ (compressed_size=0 bytes, uncompressed_size=0 bytes)
[debug] [2026-04-24T14:34:11.102Z] [unzip] Processing entry: client\assets\
[debug] [2026-04-24T14:34:11.102Z] [unzip] mkdir: C:\Users\nithy\.cache\firebase\emulators\ui-v1.15.0\client\assets\
[debug] [2026-04-24T14:34:11.102Z] [unzip] Entry: client/assets/index-BX-A56oj.js (compressed_size=582089 bytes, uncompressed_size=2092775 bytes)
[debug] [2026-04-24T14:34:11.102Z] [unzip] Processing entry: client\assets\index-BX-A56oj.js
[debug] [2026-04-24T14:34:11.102Z] [unzip] else mkdir: C:\Users\nithy\.cache\firebase\emulators\ui-v1.15.0\client\assets
[debug] [2026-04-24T14:34:11.103Z] [unzip] deflating: C:\Users\nithy\.cache\firebase\emulators\ui-v1.15.0\client\assets\index-BX-A56oj.js
[debug] [2026-04-24T14:34:11.118Z] [unzip] Entry: client/assets/index-CjB9C900.css (compressed_size=35979 bytes, uncompressed_size=298654 bytes)
[debug] [2026-04-24T14:34:11.118Z] [unzip] Processing entry: client\assets\index-CjB9C900.css
[debug] [2026-04-24T14:34:11.118Z] [unzip] else mkdir: C:\Users\nithy\.cache\firebase\emulators\ui-v1.15.0\client\assets
[debug] [2026-04-24T14:34:11.119Z] [unzip] deflating: C:\Users\nithy\.cache\firebase\emulators\ui-v1.15.0\client\assets\index-CjB9C900.css
[debug] [2026-04-24T14:34:11.121Z] [unzip] Entry: client/assets/index-BX-A56oj.js.map (compressed_size=2362482 bytes, uncompressed_size=10036679 bytes)
[debug] [2026-04-24T14:34:11.121Z] [unzip] Processing entry: client\assets\index-BX-A56oj.js.map
[debug] [2026-04-24T14:34:11.121Z] [unzip] else mkdir: C:\Users\nithy\.cache\firebase\emulators\ui-v1.15.0\client\assets
[debug] [2026-04-24T14:34:11.122Z] [unzip] deflating: C:\Users\nithy\.cache\firebase\emulators\ui-v1.15.0\client\assets\index-BX-A56oj.js.map
[debug] [2026-04-24T14:34:11.190Z] [unzip] Entry: client/assets/extensions/ (compressed_size=0 bytes, uncompressed_size=0 bytes)
[debug] [2026-04-24T14:34:11.191Z] [unzip] Processing entry: client\assets\extensions\
[debug] [2026-04-24T14:34:11.191Z] [unzip] mkdir: C:\Users\nithy\.cache\firebase\emulators\ui-v1.15.0\client\assets\extensions\
[debug] [2026-04-24T14:34:11.191Z] [unzip] Entry: client/assets/extensions/default-extension.png (compressed_size=1646 bytes, uncompressed_size=1657 bytes)
[debug] [2026-04-24T14:34:11.191Z] [unzip] Processing entry: client\assets\extensions\default-extension.png
[debug] [2026-04-24T14:34:11.191Z] [unzip] else mkdir: C:\Users\nithy\.cache\firebase\emulators\ui-v1.15.0\client\assets\extensions
[debug] [2026-04-24T14:34:11.192Z] [unzip] deflating: C:\Users\nithy\.cache\firebase\emulators\ui-v1.15.0\client\assets\extensions\default-extension.png
[debug] [2026-04-24T14:34:11.193Z] [unzip] Entry: client/assets/img/ (compressed_size=0 bytes, uncompressed_size=0 bytes)
[debug] [2026-04-24T14:34:11.193Z] [unzip] Processing entry: client\assets\img\
[debug] [2026-04-24T14:34:11.193Z] [unzip] mkdir: C:\Users\nithy\.cache\firebase\emulators\ui-v1.15.0\client\assets\img\
[debug] [2026-04-24T14:34:11.194Z] [unzip] Entry: client/assets/img/database.png (compressed_size=29449 bytes, uncompressed_size=29988 bytes)
[debug] [2026-04-24T14:34:11.194Z] [unzip] Processing entry: client\assets\img\database.png
[debug] [2026-04-24T14:34:11.194Z] [unzip] else mkdir: C:\Users\nithy\.cache\firebase\emulators\ui-v1.15.0\client\assets\img
[debug] [2026-04-24T14:34:11.194Z] [unzip] deflating: C:\Users\nithy\.cache\firebase\emulators\ui-v1.15.0\client\assets\img\database.png
[debug] [2026-04-24T14:34:11.195Z] [unzip] Entry: client/assets/provider-icons/ (compressed_size=0 bytes, uncompressed_size=0 bytes)
[debug] [2026-04-24T14:34:11.195Z] [unzip] Processing entry: client\assets\provider-icons\
[debug] [2026-04-24T14:34:11.195Z] [unzip] mkdir: C:\Users\nithy\.cache\firebase\emulators\ui-v1.15.0\client\assets\provider-icons\
[debug] [2026-04-24T14:34:11.195Z] [unzip] Entry: client/assets/provider-icons/auth_service_saml.svg (compressed_size=575 bytes, uncompressed_size=1226 bytes)
[debug] [2026-04-24T14:34:11.195Z] [unzip] Processing entry: client\assets\provider-icons\auth_service_saml.svg
[debug] [2026-04-24T14:34:11.195Z] [unzip] else mkdir: C:\Users\nithy\.cache\firebase\emulators\ui-v1.15.0\client\assets\provider-icons
[debug] [2026-04-24T14:34:11.196Z] [unzip] deflating: C:\Users\nithy\.cache\firebase\emulators\ui-v1.15.0\client\assets\provider-icons\auth_service_saml.svg
[debug] [2026-04-24T14:34:11.196Z] [unzip] Entry: client/assets/provider-icons/auth_service_phone.svg (compressed_size=261 bytes, uncompressed_size=414 bytes)
[debug] [2026-04-24T14:34:11.196Z] [unzip] Processing entry: client\assets\provider-icons\auth_service_phone.svg
[debug] [2026-04-24T14:34:11.196Z] [unzip] else mkdir: C:\Users\nithy\.cache\firebase\emulators\ui-v1.15.0\client\assets\provider-icons
[debug] [2026-04-24T14:34:11.196Z] [unzip] deflating: C:\Users\nithy\.cache\firebase\emulators\ui-v1.15.0\client\assets\provider-icons\auth_service_phone.svg
[debug] [2026-04-24T14:34:11.197Z] [unzip] Entry: client/assets/provider-icons/auth_service_facebook.svg (compressed_size=289 bytes, uncompressed_size=457 bytes)
[debug] [2026-04-24T14:34:11.197Z] [unzip] Processing entry: client\assets\provider-icons\auth_service_facebook.svg
[debug] [2026-04-24T14:34:11.197Z] [unzip] else mkdir: C:\Users\nithy\.cache\firebase\emulators\ui-v1.15.0\client\assets\provider-icons
[debug] [2026-04-24T14:34:11.197Z] [unzip] deflating: C:\Users\nithy\.cache\firebase\emulators\ui-v1.15.0\client\assets\provider-icons\auth_service_facebook.svg
[debug] [2026-04-24T14:34:11.211Z] [unzip] Entry: client/assets/provider-icons/auth_service_game_center.svg (compressed_size=991 bytes, uncompressed_size=3921 bytes)
[debug] [2026-04-24T14:34:11.211Z] [unzip] Processing entry: client\assets\provider-icons\auth_service_game_center.svg
[debug] [2026-04-24T14:34:11.211Z] [unzip] else mkdir: C:\Users\nithy\.cache\firebase\emulators\ui-v1.15.0\client\assets\provider-icons
[debug] [2026-04-24T14:34:11.211Z] [unzip] deflating: C:\Users\nithy\.cache\firebase\emulators\ui-v1.15.0\client\assets\provider-icons\auth_service_game_center.svg
[debug] [2026-04-24T14:34:11.213Z] [unzip] Entry: client/assets/provider-icons/auth_service_apple.svg (compressed_size=230 bytes, uncompressed_size=334 bytes)
[debug] [2026-04-24T14:34:11.213Z] [unzip] Processing entry: client\assets\provider-icons\auth_service_apple.svg
[debug] [2026-04-24T14:34:11.213Z] [unzip] else mkdir: C:\Users\nithy\.cache\firebase\emulators\ui-v1.15.0\client\assets\provider-icons
[debug] [2026-04-24T14:34:11.213Z] [unzip] deflating: C:\Users\nithy\.cache\firebase\emulators\ui-v1.15.0\client\assets\provider-icons\auth_service_apple.svg
[debug] [2026-04-24T14:34:11.214Z] [unzip] Entry: client/assets/provider-icons/auth_service_github.svg (compressed_size=466 bytes, uncompressed_size=838 bytes)
[debug] [2026-04-24T14:34:11.214Z] [unzip] Processing entry: client\assets\provider-icons\auth_service_github.svg
[debug] [2026-04-24T14:34:11.214Z] [unzip] else mkdir: C:\Users\nithy\.cache\firebase\emulators\ui-v1.15.0\client\assets\provider-icons
[debug] [2026-04-24T14:34:11.214Z] [unzip] deflating: C:\Users\nithy\.cache\firebase\emulators\ui-v1.15.0\client\assets\provider-icons\auth_service_github.svg
[debug] [2026-04-24T14:34:11.215Z] [unzip] Entry: client/assets/provider-icons/auth_service_mslive.svg (compressed_size=203 bytes, uncompressed_size=378 bytes)
[debug] [2026-04-24T14:34:11.215Z] [unzip] Processing entry: client\assets\provider-icons\auth_service_mslive.svg
[debug] [2026-04-24T14:34:11.215Z] [unzip] else mkdir: C:\Users\nithy\.cache\firebase\emulators\ui-v1.15.0\client\assets\provider-icons
[debug] [2026-04-24T14:34:11.216Z] [unzip] deflating: C:\Users\nithy\.cache\firebase\emulators\ui-v1.15.0\client\assets\provider-icons\auth_service_mslive.svg
[debug] [2026-04-24T14:34:11.217Z] [unzip] Entry: client/assets/provider-icons/auth_service_yahoo.svg (compressed_size=577 bytes, uncompressed_size=1182 bytes)
[debug] [2026-04-24T14:34:11.217Z] [unzip] Processing entry: client\assets\provider-icons\auth_service_yahoo.svg
[debug] [2026-04-24T14:34:11.217Z] [unzip] else mkdir: C:\Users\nithy\.cache\firebase\emulators\ui-v1.15.0\client\assets\provider-icons
[debug] [2026-04-24T14:34:11.217Z] [unzip] deflating: C:\Users\nithy\.cache\firebase\emulators\ui-v1.15.0\client\assets\provider-icons\auth_service_yahoo.svg
[debug] [2026-04-24T14:34:11.218Z] [unzip] Entry: client/assets/provider-icons/auth_service_twitter.svg (compressed_size=444 bytes, uncompressed_size=751 bytes)
[debug] [2026-04-24T14:34:11.218Z] [unzip] Processing entry: client\assets\provider-icons\auth_service_twitter.svg
[debug] [2026-04-24T14:34:11.218Z] [unzip] else mkdir: C:\Users\nithy\.cache\firebase\emulators\ui-v1.15.0\client\assets\provider-icons
[debug] [2026-04-24T14:34:11.218Z] [unzip] deflating: C:\Users\nithy\.cache\firebase\emulators\ui-v1.15.0\client\assets\provider-icons\auth_service_twitter.svg
[debug] [2026-04-24T14:34:11.219Z] [unzip] Entry: client/assets/provider-icons/auth_service_play_games.svg (compressed_size=565 bytes, uncompressed_size=1173 bytes)
[debug] [2026-04-24T14:34:11.219Z] [unzip] Processing entry: client\assets\provider-icons\auth_service_play_games.svg
[debug] [2026-04-24T14:34:11.219Z] [unzip] else mkdir: C:\Users\nithy\.cache\firebase\emulators\ui-v1.15.0\client\assets\provider-icons
[debug] [2026-04-24T14:34:11.219Z] [unzip] deflating: C:\Users\nithy\.cache\firebase\emulators\ui-v1.15.0\client\assets\provider-icons\auth_service_play_games.svg
[debug] [2026-04-24T14:34:11.220Z] [unzip] Entry: client/assets/provider-icons/auth_service_email.svg (compressed_size=228 bytes, uncompressed_size=326 bytes)
[debug] [2026-04-24T14:34:11.220Z] [unzip] Processing entry: client\assets\provider-icons\auth_service_email.svg
[debug] [2026-04-24T14:34:11.220Z] [unzip] else mkdir: C:\Users\nithy\.cache\firebase\emulators\ui-v1.15.0\client\assets\provider-icons
[debug] [2026-04-24T14:34:11.220Z] [unzip] deflating: C:\Users\nithy\.cache\firebase\emulators\ui-v1.15.0\client\assets\provider-icons\auth_service_email.svg
[debug] [2026-04-24T14:34:11.220Z] [unzip] Entry: client/assets/provider-icons/auth_service_google.svg (compressed_size=409 bytes, uncompressed_size=720 bytes)
[debug] [2026-04-24T14:34:11.221Z] [unzip] Processing entry: client\assets\provider-icons\auth_service_google.svg
[debug] [2026-04-24T14:34:11.221Z] [unzip] else mkdir: C:\Users\nithy\.cache\firebase\emulators\ui-v1.15.0\client\assets\provider-icons
[debug] [2026-04-24T14:34:11.221Z] [unzip] deflating: C:\Users\nithy\.cache\firebase\emulators\ui-v1.15.0\client\assets\provider-icons\auth_service_google.svg
[debug] [2026-04-24T14:34:11.224Z] [unzip] Entry: client/assets/provider-icons/auth_service_oidc.svg (compressed_size=414 bytes, uncompressed_size=858 bytes)
[debug] [2026-04-24T14:34:11.224Z] [unzip] Processing entry: client\assets\provider-icons\auth_service_oidc.svg
[debug] [2026-04-24T14:34:11.224Z] [unzip] else mkdir: C:\Users\nithy\.cache\firebase\emulators\ui-v1.15.0\client\assets\provider-icons
[debug] [2026-04-24T14:34:11.225Z] [unzip] deflating: C:\Users\nithy\.cache\firebase\emulators\ui-v1.15.0\client\assets\provider-icons\auth_service_oidc.svg
[debug] [2026-04-24T14:34:11.228Z] [unzip] Entry: client/browserconfig.xml (compressed_size=491 bytes, uncompressed_size=822 bytes)
[debug] [2026-04-24T14:34:11.228Z] [unzip] Processing entry: client\browserconfig.xml
[debug] [2026-04-24T14:34:11.228Z] [unzip] else mkdir: C:\Users\nithy\.cache\firebase\emulators\ui-v1.15.0\client
[debug] [2026-04-24T14:34:11.229Z] [unzip] deflating: C:\Users\nithy\.cache\firebase\emulators\ui-v1.15.0\client\browserconfig.xml
[debug] [2026-04-24T14:34:11.231Z] [unzip] Entry: client/favicon-32x32.png (compressed_size=475 bytes, uncompressed_size=475 bytes)
[debug] [2026-04-24T14:34:11.232Z] [unzip] Processing entry: client\favicon-32x32.png
[debug] [2026-04-24T14:34:11.232Z] [unzip] else mkdir: C:\Users\nithy\.cache\firebase\emulators\ui-v1.15.0\client
[debug] [2026-04-24T14:34:11.233Z] [unzip] Writing file: C:\Users\nithy\.cache\firebase\emulators\ui-v1.15.0\client\favicon-32x32.png
[debug] [2026-04-24T14:34:11.234Z] [unzip] Entry: server/ (compressed_size=0 bytes, uncompressed_size=0 bytes)
[debug] [2026-04-24T14:34:11.234Z] [unzip] Processing entry: server\
[debug] [2026-04-24T14:34:11.234Z] [unzip] mkdir: C:\Users\nithy\.cache\firebase\emulators\ui-v1.15.0\server\
[debug] [2026-04-24T14:34:11.234Z] [unzip] Entry: server/server.mjs.map (compressed_size=217845 bytes, uncompressed_size=944978 bytes)
[debug] [2026-04-24T14:34:11.235Z] [unzip] Processing entry: server\server.mjs.map
[debug] [2026-04-24T14:34:11.235Z] [unzip] else mkdir: C:\Users\nithy\.cache\firebase\emulators\ui-v1.15.0\server
[debug] [2026-04-24T14:34:11.235Z] [unzip] deflating: C:\Users\nithy\.cache\firebase\emulators\ui-v1.15.0\server\server.mjs.map
[debug] [2026-04-24T14:34:11.245Z] [unzip] Entry: server/server.mjs (compressed_size=276407 bytes, uncompressed_size=933701 bytes)
[debug] [2026-04-24T14:34:11.245Z] [unzip] Processing entry: server\server.mjs
[debug] [2026-04-24T14:34:11.245Z] [unzip] else mkdir: C:\Users\nithy\.cache\firebase\emulators\ui-v1.15.0\server
[debug] [2026-04-24T14:34:11.245Z] [unzip] deflating: C:\Users\nithy\.cache\firebase\emulators\ui-v1.15.0\server\server.mjs
[info] i  functions: Watching "C:\Users\nithy\OneDrive\Documents\kritoathon\backend\functions" for Cloud Functions... {"metadata":{"emulator":{"name":"functions"},"message":"Watching \"C:\\Users\\nithy\\OneDrive\\Documents\\kritoathon\\backend\\functions\" for Cloud Functions..."}}
[error] !!  functions: Failed to load function definition from source: FirebaseError: `runtime` field is required but was not found in firebase.json or package.json.
To fix this, add the following lines to the `functions` section of your firebase.json:
"runtime": "nodejs24" or set the "engine" field in package.json
 {"metadata":{"emulator":{"name":"functions"},"message":"Failed to load function definition from source: FirebaseError: `runtime` field is required but was not found in firebase.json or package.json.\nTo fix this, add the following lines to the `functions` section of your firebase.json:\n\"runtime\": \"nodejs24\" or set the \"engine\" field in package.json\n"}}
[debug] [2026-04-24T14:34:11.269Z] Could not find VSCode notification endpoint: FetchError: request to http://localhost:40001/vscode/notify failed, reason: . If you are not running the Firebase SQL Connect VSCode extension, this is expected and not an issue.
[info] 
┌─────────────────────────────────────────────────────────────┐
│ ✔  All emulators ready! It is now safe to connect your app. │
│ i  View Emulator UI at http://127.0.0.1:4000/               │
└─────────────────────────────────────────────────────────────┘

┌───────────┬────────────────┬─────────────────────────────────┐
│ Emulator  │ Host:Port      │ View in Emulator UI             │
├───────────┼────────────────┼─────────────────────────────────┤
│ Functions │ 127.0.0.1:5001 │ http://127.0.0.1:4000/functions │
├───────────┼────────────────┼─────────────────────────────────┤
│ Firestore │ 127.0.0.1:8080 │ http://127.0.0.1:4000/firestore │
└───────────┴────────────────┴─────────────────────────────────┘
  Emulator Hub host: 127.0.0.1 port: 4400
  Other reserved ports: 4500, 9150

Issues? Report them at https://github.com/firebase/firebase-tools/issues and attach the *-debug.log files.
 
